<?xml version="1.0" encoding="UTF-8"?>
<testsuite name="org.launchcode.hello_spring.HelloSpringApplicationTests" tests="1" skipped="0" failures="0" errors="0" timestamp="2024-11-12T00:56:12" hostname="Marias-Air.attlocal.net" time="0.405">
  <properties/>
  <testcase name="contextLoads()" classname="org.launchcode.hello_spring.HelloSpringApplicationTests" time="0.405"/>
  <system-out><![CDATA[18:56:11.758 [Test worker] INFO org.springframework.test.context.support.AnnotationConfigContextLoaderUtils -- Could not detect default configuration classes for test class [org.launchcode.hello_spring.HelloSpringApplicationTests]: HelloSpringApplicationTests does not declare any static, non-private, non-final, nested classes annotated with @Configuration.
18:56:11.804 [Test worker] INFO org.springframework.boot.test.context.SpringBootTestContextBootstrapper -- Found @SpringBootConfiguration org.launchcode.hello_spring.HelloSpringApplication for test class org.launchcode.hello_spring.HelloSpringApplicationTests

  .   ____          _            __ _ _
 /\\ / ___'_ __ _ _(_)_ __  __ _ \ \ \ \
( ( )\___ | '_ | '_| | '_ \/ _` | \ \ \ \
 \\/  ___)| |_)| | | | | || (_| |  ) ) ) )
  '  |____| .__|_| |_|_| |_\__, | / / / /
 =========|_|==============|___/=/_/_/_/

 :: Spring Boot ::                (v3.3.5)

2024-11-11T18:56:11.954-06:00  INFO 59969 --- [hello-spring] [    Test worker] o.l.h.HelloSpringApplicationTests        : Starting HelloSpringApplicationTests using Java 17.0.12 with PID 59969 (started by maryusina in /Users/maryusina/LaunchCode/JAVA/hello-spring 3)
2024-11-11T18:56:11.955-06:00  INFO 59969 --- [hello-spring] [    Test worker] o.l.h.HelloSpringApplicationTests        : No active profile set, falling back to 1 default profile: "default"
2024-11-11T18:56:12.337-06:00  INFO 59969 --- [hello-spring] [    Test worker] o.l.h.HelloSpringApplicationTests        : Started HelloSpringApplicationTests in 0.473 seconds (process running for 0.899)
]]></system-out>
  <system-err><![CDATA[]]></system-err>
</testsuite>
